0 silly argv {
0 silly argv   _: [ 'run' ],
0 silly argv   parallel: true,
0 silly argv   lernaVersion: '6.6.2',
0 silly argv   '$0': 'node_modules\\lerna\\dist\\cli.js',
0 silly argv   script: 'build'
0 silly argv }
1 notice cli v6.6.2
2 verbose rootPath C:\Users\wodyd\Desktop\project\Web\MonorepoTest
3 error JSONError: Unexpected token "/" (0x2F) in JSON at position 76 while parsing near "...license\": \"MIT\",\r\n  // \"main\": \"./lib/in..." in packages\shared\package.json
3 error
3 error [0m [90m 3 |[39m   [32m"version"[39m[33m:[39m [32m"1.0.0"[39m[33m,[39m[0m
3 error [0m [90m 4 |[39m   [32m"license"[39m[33m:[39m [32m"MIT"[39m[33m,[39m[0m
3 error [0m[31m[1m>[22m[39m[90m 5 |[39m   [90m// "main": "./lib/index.js",[39m[0m
3 error [0m [90m   |[39m   [31m[1m^[22m[39m[0m
3 error [0m [90m 6 |[39m   [32m"main"[39m[33m:[39m [32m"./src/index.ts"[39m[33m,[39m[0m
3 error [0m [90m 7 |[39m   [32m"scripts"[39m[33m:[39m {[0m
3 error [0m [90m 8 |[39m     [32m"build"[39m[33m:[39m [32m"tsc"[39m[33m,[39m[0m
3 error
3 error     at parseJson (C:\Users\wodyd\Desktop\project\Web\MonorepoTest\node_modules\parse-json\index.js:29:21)
3 error     at parse (C:\Users\wodyd\Desktop\project\Web\MonorepoTest\node_modules\load-json-file\index.js:15:9)
3 error     at module.exports (C:\Users\wodyd\Desktop\project\Web\MonorepoTest\node_modules\load-json-file\index.js:18:47)
